This is pdfTeX, Version 3.141592653-2.6-1.40.27 (TeX Live 2026/dev/Arch Linux) (preloaded format=pdflatex 2025.8.29)  28 OCT 2025 19:08
entering extended mode
 restricted \write18 enabled.
 file:line:error style messages enabled.
 %&-line parsing enabled.
**main.tex
(./main.tex
LaTeX2e <2024-11-01> patch level 2
L3 programming layer <2025-01-18>
(../preamble.tex (/usr/share/texmf-dist/tex/latex/base/article.cls
Document Class: article 2024/06/29 v1.4n Standard LaTeX document class
(/usr/share/texmf-dist/tex/latex/base/size10.clo
File: size10.clo 2024/06/29 v1.4n Standard LaTeX file (size option)
)
\c@part=\count196
\c@section=\count197
\c@subsection=\count198
\c@subsubsection=\count199
\c@paragraph=\count266
\c@subparagraph=\count267
\c@figure=\count268
\c@table=\count269
\abovecaptionskip=\skip49
\belowcaptionskip=\skip50
\bibindent=\dimen141
) (/usr/share/texmf-dist/tex/latex/base/fontenc.sty
Package: fontenc 2021/04/29 v2.0v Standard LaTeX package
) (/usr/share/texmf-dist/tex/latex/base/inputenc.sty
Package: inputenc 2024/02/08 v1.3d Input encoding file
\inpenc@prehook=\toks17
\inpenc@posthook=\toks18
) (/usr/share/texmf-dist/tex/latex/cmbright/cmbright.sty
Package: cmbright 2005/04/13 v8.1 (WaS)
LaTeX Font Info:    Redeclaring symbol font `operators' on input line 29.
LaTeX Font Info:    Overwriting symbol font `operators' in version `normal'
(Font)                  OT1/cmr/m/n --> OT1/cmbr/m/n on input line 29.
LaTeX Font Info:    Overwriting symbol font `operators' in version `bold'
(Font)                  OT1/cmr/bx/n --> OT1/cmbr/m/n on input line 29.
LaTeX Font Info:    Redeclaring symbol font `letters' on input line 30.
LaTeX Font Info:    Overwriting symbol font `letters' in version `normal'
(Font)                  OML/cmm/m/it --> OML/cmbrm/m/it on input line 30.
LaTeX Font Info:    Overwriting symbol font `letters' in version `bold'
(Font)                  OML/cmm/b/it --> OML/cmbrm/m/it on input line 30.
LaTeX Font Info:    Overwriting symbol font `letters' in version `bold'
(Font)                  OML/cmbrm/m/it --> OML/cmbrm/b/it on input line 31.
LaTeX Font Info:    Redeclaring symbol font `symbols' on input line 32.
LaTeX Font Info:    Overwriting symbol font `symbols' in version `normal'
(Font)                  OMS/cmsy/m/n --> OMS/cmbrs/m/n on input line 32.
LaTeX Font Info:    Overwriting symbol font `symbols' in version `bold'
(Font)                  OMS/cmsy/b/n --> OMS/cmbrs/m/n on input line 32.
LaTeX Font Info:    Redeclaring math alphabet \mathit on input line 33.
LaTeX Font Info:    Overwriting math alphabet `\mathit' in version `normal'
(Font)                  OT1/cmr/m/it --> OT1/cmbr/m/sl on input line 33.
LaTeX Font Info:    Overwriting math alphabet `\mathit' in version `bold'
(Font)                  OT1/cmr/bx/it --> OT1/cmbr/m/sl on input line 33.
LaTeX Font Info:    Redeclaring math alphabet \mathbf on input line 34.
LaTeX Font Info:    Overwriting math alphabet `\mathbf' in version `normal'
(Font)                  OT1/cmr/bx/n --> OT1/cmbr/bx/n on input line 34.
LaTeX Font Info:    Overwriting math alphabet `\mathbf' in version `bold'
(Font)                  OT1/cmr/bx/n --> OT1/cmbr/bx/n on input line 34.
LaTeX Font Info:    Redeclaring math alphabet \mathtt on input line 35.
LaTeX Font Info:    Overwriting math alphabet `\mathtt' in version `normal'
(Font)                  OT1/cmtt/m/n --> OT1/cmtl/m/n on input line 35.
LaTeX Font Info:    Overwriting math alphabet `\mathtt' in version `bold'
(Font)                  OT1/cmtt/m/n --> OT1/cmtl/m/n on input line 35.
LaTeX Font Info:    Redeclaring math symbol \alpha on input line 37.
LaTeX Font Info:    Redeclaring math symbol \beta on input line 38.
LaTeX Font Info:    Redeclaring math symbol \gamma on input line 39.
LaTeX Font Info:    Redeclaring math symbol \delta on input line 40.
LaTeX Font Info:    Redeclaring math symbol \epsilon on input line 41.
LaTeX Font Info:    Redeclaring math symbol \zeta on input line 42.
LaTeX Font Info:    Redeclaring math symbol \eta on input line 43.
LaTeX Font Info:    Redeclaring math symbol \theta on input line 44.
LaTeX Font Info:    Redeclaring math symbol \iota on input line 45.
LaTeX Font Info:    Redeclaring math symbol \kappa on input line 46.
LaTeX Font Info:    Redeclaring math symbol \lambda on input line 47.
LaTeX Font Info:    Redeclaring math symbol \mu on input line 48.
LaTeX Font Info:    Redeclaring math symbol \nu on input line 49.
LaTeX Font Info:    Redeclaring math symbol \xi on input line 50.
LaTeX Font Info:    Redeclaring math symbol \pi on input line 51.
LaTeX Font Info:    Redeclaring math symbol \rho on input line 52.
LaTeX Font Info:    Redeclaring math symbol \sigma on input line 53.
LaTeX Font Info:    Redeclaring math symbol \tau on input line 54.
LaTeX Font Info:    Redeclaring math symbol \upsilon on input line 55.
LaTeX Font Info:    Redeclaring math symbol \phi on input line 56.
LaTeX Font Info:    Redeclaring math symbol \chi on input line 57.
LaTeX Font Info:    Redeclaring math symbol \psi on input line 58.
LaTeX Font Info:    Redeclaring math symbol \omega on input line 59.
LaTeX Font Info:    Redeclaring math symbol \varepsilon on input line 60.
LaTeX Font Info:    Redeclaring math symbol \vartheta on input line 61.
LaTeX Font Info:    Redeclaring math symbol \varpi on input line 62.
LaTeX Font Info:    Redeclaring math symbol \varrho on input line 63.
LaTeX Font Info:    Redeclaring math symbol \varsigma on input line 64.
LaTeX Font Info:    Redeclaring math symbol \varphi on input line 65.
LaTeX Info: Redefining \LaTeX on input line 129.
LaTeX Info: Redefining \LaTeXe on input line 139.
LaTeX Font Info:    Trying to load font information for T1+cmbr on input line 144.
 (/usr/share/texmf-dist/tex/latex/cmbright/t1cmbr.fd
File: t1cmbr.fd 2005/04/13 v8.1 (WaS)
)) (/usr/share/texmf-dist/tex/generic/babel/babel.sty
Package: babel 2025/02/14 v25.4 The multilingual framework for pdfLaTeX, LuaLaTeX and XeLaTeX
\babel@savecnt=\count270
\U@D=\dimen142
\l@unhyphenated=\language6
 (/usr/share/texmf-dist/tex/generic/babel/txtbabel.def)
\bbl@readstream=\read2
\bbl@dirlevel=\count271
 (/usr/share/texmf-dist/tex/generic/babel-spanish/spanish.ldf
Language: spanish.ldf 2021/05/27 v5.0q Spanish support from the babel system
\es@quottoks=\toks19
\es@quotdepth=\count272
Package babel Info: Making " an active character on input line 570.
Package babel Info: Making . an active character on input line 675.
Package babel Info: Making < an active character on input line 722.
Package babel Info: Making > an active character on input line 722.
)) (/usr/share/texmf-dist/tex/generic/babel/locale/es/babel-spanish.tex
Package babel Info: Importing font and identification data for spanish
(babel)             from babel-es.ini. Reported on input line 11.
) (/usr/share/texmf-dist/tex/latex/geometry/geometry.sty
Package: geometry 2020/01/02 v5.9 Page Geometry
 (/usr/share/texmf-dist/tex/latex/graphics/keyval.sty
Package: keyval 2022/05/29 v1.15 key=value parser (DPC)
\KV@toks@=\toks20
) (/usr/share/texmf-dist/tex/generic/iftex/ifvtex.sty
Package: ifvtex 2019/10/25 v1.7 ifvtex legacy package. Use iftex instead.
 (/usr/share/texmf-dist/tex/generic/iftex/iftex.sty
Package: iftex 2024/12/12 v1.0g TeX engine tests
))
\Gm@cnth=\count273
\Gm@cntv=\count274
\c@Gm@tempcnt=\count275
\Gm@bindingoffset=\dimen143
\Gm@wd@mp=\dimen144
\Gm@odd@mp=\dimen145
\Gm@even@mp=\dimen146
\Gm@layoutwidth=\dimen147
\Gm@layoutheight=\dimen148
\Gm@layouthoffset=\dimen149
\Gm@layoutvoffset=\dimen150
\Gm@dimlist=\toks21
) (/usr/share/texmf-dist/tex/latex/amsmath/amsmath.sty
Package: amsmath 2024/11/05 v2.17t AMS math features
\@mathmargin=\skip51

For additional information on amsmath, use the `?' option.
(/usr/share/texmf-dist/tex/latex/amsmath/amstext.sty
Package: amstext 2021/08/26 v2.01 AMS text
 (/usr/share/texmf-dist/tex/latex/amsmath/amsgen.sty
File: amsgen.sty 1999/11/30 v2.0 generic functions
\@emptytoks=\toks22
\ex@=\dimen151
)) (/usr/share/texmf-dist/tex/latex/amsmath/amsbsy.sty
Package: amsbsy 1999/11/29 v1.2d Bold Symbols
\pmbraise@=\dimen152
) (/usr/share/texmf-dist/tex/latex/amsmath/amsopn.sty
Package: amsopn 2022/04/08 v2.04 operator names
)
\inf@bad=\count276
LaTeX Info: Redefining \frac on input line 233.
\uproot@=\count277
\leftroot@=\count278
LaTeX Info: Redefining \overline on input line 398.
LaTeX Info: Redefining \colon on input line 409.
\classnum@=\count279
\DOTSCASE@=\count280
LaTeX Info: Redefining \ldots on input line 495.
LaTeX Info: Redefining \dots on input line 498.
LaTeX Info: Redefining \cdots on input line 619.
\Mathstrutbox@=\box52
\strutbox@=\box53
LaTeX Info: Redefining \big on input line 721.
LaTeX Info: Redefining \Big on input line 722.
LaTeX Info: Redefining \bigg on input line 723.
LaTeX Info: Redefining \Bigg on input line 724.
\big@size=\dimen153
LaTeX Font Info:    Redeclaring font encoding OML on input line 742.
LaTeX Font Info:    Redeclaring font encoding OMS on input line 743.
\macc@depth=\count281
LaTeX Info: Redefining \bmod on input line 904.
LaTeX Info: Redefining \pmod on input line 909.
LaTeX Info: Redefining \smash on input line 939.
LaTeX Info: Redefining \relbar on input line 969.
LaTeX Info: Redefining \Relbar on input line 970.
\c@MaxMatrixCols=\count282
\dotsspace@=\muskip17
\c@parentequation=\count283
\dspbrk@lvl=\count284
\tag@help=\toks23
\row@=\count285
\column@=\count286
\maxfields@=\count287
\andhelp@=\toks24
\eqnshift@=\dimen154
\alignsep@=\dimen155
\tagshift@=\dimen156
\tagwidth@=\dimen157
\totwidth@=\dimen158
\lineht@=\dimen159
\@envbody=\toks25
\multlinegap=\skip52
\multlinetaggap=\skip53
\mathdisplay@stack=\toks26
LaTeX Info: Redefining \[ on input line 2953.
LaTeX Info: Redefining \] on input line 2954.
) (/usr/share/texmf-dist/tex/latex/amsfonts/amsfonts.sty
Package: amsfonts 2013/01/14 v3.01 Basic AMSFonts support
\symAMSa=\mathgroup4
\symAMSb=\mathgroup5
LaTeX Font Info:    Redeclaring math symbol \hbar on input line 98.
LaTeX Font Info:    Overwriting math alphabet `\mathfrak' in version `bold'
(Font)                  U/euf/m/n --> U/euf/b/n on input line 106.
) (/usr/share/texmf-dist/tex/latex/amscls/amsthm.sty
Package: amsthm 2020/05/29 v2.20.6
\thm@style=\toks27
\thm@bodyfont=\toks28
\thm@headfont=\toks29
\thm@notefont=\toks30
\thm@headpunct=\toks31
\thm@preskip=\skip54
\thm@postskip=\skip55
\thm@headsep=\skip56
\dth@everypar=\toks32
) (/usr/share/texmf-dist/tex/latex/amsfonts/amssymb.sty
Package: amssymb 2013/01/14 v3.01 AMS font symbols
) (/usr/share/texmf-dist/tex/latex/lipsum/lipsum.sty (/usr/share/texmf-dist/tex/latex/l3packages/l3keys2e/l3keys2e.sty (/usr/share/texmf-dist/tex/latex/l3kernel/expl3.sty
Package: expl3 2025-01-18 L3 programming layer (loader) 
 (/usr/share/texmf-dist/tex/latex/l3backend/l3backend-pdftex.def
File: l3backend-pdftex.def 2024-05-08 L3 backend support: PDF output (pdfTeX)
\l__color_backend_stack_int=\count288
\l__pdf_internal_box=\box54
))
Package: l3keys2e 2024-08-16 LaTeX2e option processing using LaTeX3 keys
)
Package: lipsum 2021-09-20 v2.7 150 paragraphs of Lorem Ipsum dummy text
\g__lipsum_par_int=\count289
\l__lipsum_a_int=\count290
\l__lipsum_b_int=\count291
 (/usr/share/texmf-dist/tex/latex/lipsum/lipsum.ltd.tex)) (/usr/share/texmf-dist/tex/latex/marginnote/marginnote.sty
Package: marginnote 2018/08/09 1.4b non floating margin notes for LaTeX
\c@mn@abspage=\count292
) (/usr/share/texmf-dist/tex/latex/tocloft/tocloft.sty
Package: tocloft 2017/08/31 v2.3i parameterised ToC, etc., typesetting
Package tocloft Info: The document has section divisions on input line 51.
\cftparskip=\skip57
\cftbeforetoctitleskip=\skip58
\cftaftertoctitleskip=\skip59
\cftbeforepartskip=\skip60
\cftpartnumwidth=\skip61
\cftpartindent=\skip62
\cftbeforesecskip=\skip63
\cftsecindent=\skip64
\cftsecnumwidth=\skip65
\cftbeforesubsecskip=\skip66
\cftsubsecindent=\skip67
\cftsubsecnumwidth=\skip68
\cftbeforesubsubsecskip=\skip69
\cftsubsubsecindent=\skip70
\cftsubsubsecnumwidth=\skip71
\cftbeforeparaskip=\skip72
\cftparaindent=\skip73
\cftparanumwidth=\skip74
\cftbeforesubparaskip=\skip75
\cftsubparaindent=\skip76
\cftsubparanumwidth=\skip77
\cftbeforeloftitleskip=\skip78
\cftafterloftitleskip=\skip79
\cftbeforefigskip=\skip80
\cftfigindent=\skip81
\cftfignumwidth=\skip82
\c@lofdepth=\count293
\c@lotdepth=\count294
\cftbeforelottitleskip=\skip83
\cftafterlottitleskip=\skip84
\cftbeforetabskip=\skip85
\cfttabindent=\skip86
\cfttabnumwidth=\skip87
) (/usr/share/texmf-dist/tex/latex/hyperref/hyperref.sty
Package: hyperref 2024-11-05 v7.01l Hypertext links for LaTeX
 (/usr/share/texmf-dist/tex/latex/kvsetkeys/kvsetkeys.sty
Package: kvsetkeys 2022-10-05 v1.19 Key value parser (HO)
) (/usr/share/texmf-dist/tex/generic/kvdefinekeys/kvdefinekeys.sty
Package: kvdefinekeys 2019-12-19 v1.6 Define keys (HO)
) (/usr/share/texmf-dist/tex/generic/pdfescape/pdfescape.sty
Package: pdfescape 2019/12/09 v1.15 Implements pdfTeX's escape features (HO)
 (/usr/share/texmf-dist/tex/generic/ltxcmds/ltxcmds.sty
Package: ltxcmds 2023-12-04 v1.26 LaTeX kernel commands for general use (HO)
) (/usr/share/texmf-dist/tex/generic/pdftexcmds/pdftexcmds.sty
Package: pdftexcmds 2020-06-27 v0.33 Utility functions of pdfTeX for LuaTeX (HO)
 (/usr/share/texmf-dist/tex/generic/infwarerr/infwarerr.sty
Package: infwarerr 2019/12/03 v1.5 Providing info/warning/error messages (HO)
)
Package pdftexcmds Info: \pdf@primitive is available.
Package pdftexcmds Info: \pdf@ifprimitive is available.
Package pdftexcmds Info: \pdfdraftmode found.
)) (/usr/share/texmf-dist/tex/latex/hycolor/hycolor.sty
Package: hycolor 2020-01-27 v1.10 Color options for hyperref/bookmark (HO)
) (/usr/share/texmf-dist/tex/latex/hyperref/nameref.sty
Package: nameref 2023-11-26 v2.56 Cross-referencing by name of section
 (/usr/share/texmf-dist/tex/latex/refcount/refcount.sty
Package: refcount 2019/12/15 v3.6 Data extraction from label references (HO)
) (/usr/share/texmf-dist/tex/generic/gettitlestring/gettitlestring.sty
Package: gettitlestring 2019/12/15 v1.6 Cleanup title references (HO)
 (/usr/share/texmf-dist/tex/latex/kvoptions/kvoptions.sty
Package: kvoptions 2022-06-15 v3.15 Key value format for package options (HO)
))
\c@section@level=\count295
) (/usr/share/texmf-dist/tex/latex/etoolbox/etoolbox.sty
Package: etoolbox 2025/02/11 v2.5l e-TeX tools for LaTeX (JAW)
\etb@tempcnta=\count296
) (/usr/share/texmf-dist/tex/generic/stringenc/stringenc.sty
Package: stringenc 2019/11/29 v1.12 Convert strings between diff. encodings (HO)
)
\@linkdim=\dimen160
\Hy@linkcounter=\count297
\Hy@pagecounter=\count298
 (/usr/share/texmf-dist/tex/latex/hyperref/pd1enc.def
File: pd1enc.def 2024-11-05 v7.01l Hyperref: PDFDocEncoding definition (HO)
Now handling font encoding PD1 ...
... no UTF-8 mapping file for font encoding PD1
) (/usr/share/texmf-dist/tex/generic/intcalc/intcalc.sty
Package: intcalc 2019/12/15 v1.3 Expandable calculations with integers (HO)
)
\Hy@SavedSpaceFactor=\count299
 (/usr/share/texmf-dist/tex/latex/hyperref/puenc.def
File: puenc.def 2024-11-05 v7.01l Hyperref: PDF Unicode definition (HO)
Now handling font encoding PU ...
... no UTF-8 mapping file for font encoding PU
)
Package hyperref Info: Hyper figures OFF on input line 4157.
Package hyperref Info: Link nesting OFF on input line 4162.
Package hyperref Info: Hyper index ON on input line 4165.
Package hyperref Info: Plain pages OFF on input line 4172.
Package hyperref Info: Backreferencing OFF on input line 4177.
Package hyperref Info: Implicit mode ON; LaTeX internals redefined.
Package hyperref Info: Bookmarks ON on input line 4424.
\c@Hy@tempcnt=\count300
 (/usr/share/texmf-dist/tex/latex/url/url.sty
\Urlmuskip=\muskip18
Package: url 2013/09/16  ver 3.4  Verb mode for urls, etc.
)
LaTeX Info: Redefining \url on input line 4763.
\XeTeXLinkMargin=\dimen161
 (/usr/share/texmf-dist/tex/generic/bitset/bitset.sty
Package: bitset 2019/12/09 v1.3 Handle bit-vector datatype (HO)
 (/usr/share/texmf-dist/tex/generic/bigintcalc/bigintcalc.sty
Package: bigintcalc 2019/12/15 v1.5 Expandable calculations on big integers (HO)
))
\Fld@menulength=\count301
\Field@Width=\dimen162
\Fld@charsize=\dimen163
Package hyperref Info: Hyper figures OFF on input line 6042.
Package hyperref Info: Link nesting OFF on input line 6047.
Package hyperref Info: Hyper index ON on input line 6050.
Package hyperref Info: backreferencing OFF on input line 6057.
Package hyperref Info: Link coloring OFF on input line 6062.
Package hyperref Info: Link coloring with OCG OFF on input line 6067.
Package hyperref Info: PDF/A mode OFF on input line 6072.
 (/usr/share/texmf-dist/tex/latex/base/atbegshi-ltx.sty
Package: atbegshi-ltx 2021/01/10 v1.0c Emulation of the original atbegshi
package with kernel methods
)
\Hy@abspage=\count302
\c@Item=\count303
\c@Hfootnote=\count304
)
Package hyperref Info: Driver (autodetected): hpdftex.

(/usr/share/texmf-dist/tex/latex/hyperref/hpdftex.def
File: hpdftex.def 2024-11-05 v7.01l Hyperref driver for pdfTeX
 (/usr/share/texmf-dist/tex/latex/base/atveryend-ltx.sty
Package: atveryend-ltx 2020/08/19 v1.0a Emulation of the original atveryend package
with kernel methods
)
\Fld@listcount=\count305
\c@bookmark@seq@number=\count306
 (/usr/share/texmf-dist/tex/latex/rerunfilecheck/rerunfilecheck.sty
Package: rerunfilecheck 2022-07-10 v1.10 Rerun checks for auxiliary files (HO)
 (/usr/share/texmf-dist/tex/generic/uniquecounter/uniquecounter.sty
Package: uniquecounter 2019/12/15 v1.4 Provide unlimited unique counter (HO)
)
Package uniquecounter Info: New unique counter `rerunfilecheck' on input line 285.
)
\Hy@SectionHShift=\skip88
) (/usr/share/texmf-dist/tex/latex/bookmark/bookmark.sty
Package: bookmark 2023-12-10 v1.31 PDF bookmarks (HO)
 (/usr/share/texmf-dist/tex/latex/bookmark/bkm-pdftex.def
File: bkm-pdftex.def 2023-12-10 v1.31 bookmark driver for pdfTeX and luaTeX (HO)
\BKM@id=\count307
)) (/usr/share/texmf-dist/tex/latex/enumitem/enumitem.sty
Package: enumitem 2025/02/06 v3.11 Customized lists
\labelindent=\skip89
\enit@outerparindent=\dimen164
\enit@toks=\toks33
\enit@inbox=\box55
\enit@count@id=\count308
\enitdp@description=\count309
) (/usr/share/texmf-dist/tex/latex/scalerel/scalerel.sty
Package: scalerel 2016/12/29 v1.8 Routines for constrained scaling and stretching of objects, relative to a reference object or in absolute terms
 (/usr/share/texmf-dist/tex/latex/tools/calc.sty
Package: calc 2023/07/08 v4.3 Infix arithmetic (KKT,FJ)
\calc@Acount=\count310
\calc@Bcount=\count311
\calc@Adimen=\dimen165
\calc@Bdimen=\dimen166
\calc@Askip=\skip90
\calc@Bskip=\skip91
LaTeX Info: Redefining \setlength on input line 80.
LaTeX Info: Redefining \addtolength on input line 81.
\calc@Ccount=\count312
\calc@Cskip=\skip92
) (/usr/share/texmf-dist/tex/latex/graphics/graphicx.sty
Package: graphicx 2021/09/16 v1.2d Enhanced LaTeX Graphics (DPC,SPQR)
 (/usr/share/texmf-dist/tex/latex/graphics/graphics.sty
Package: graphics 2024/08/06 v1.4g Standard LaTeX Graphics (DPC,SPQR)
 (/usr/share/texmf-dist/tex/latex/graphics/trig.sty
Package: trig 2023/12/02 v1.11 sin cos tan (DPC)
) (/usr/share/texmf-dist/tex/latex/graphics-cfg/graphics.cfg
File: graphics.cfg 2016/06/04 v1.11 sample graphics configuration
)
Package graphics Info: Driver file: pdftex.def on input line 106.
 (/usr/share/texmf-dist/tex/latex/graphics-def/pdftex.def
File: pdftex.def 2024/04/13 v1.2c Graphics/color driver for pdftex
))
\Gin@req@height=\dimen167
\Gin@req@width=\dimen168
)
\thesrwidth=\skip93
\thesrheight=\skip94
\srblobheight=\skip95
\srblobdepth=\skip96
\mnxsrwidth=\skip97
\LMex=\skip98
\LMpt=\skip99
) (/usr/share/texmf-dist/tex/latex/mathtools/mathtools.sty
Package: mathtools 2024/10/04 v1.31 mathematical typesetting tools
 (/usr/share/texmf-dist/tex/latex/mathtools/mhsetup.sty
Package: mhsetup 2021/03/18 v1.4 programming setup (MH)
)
\g_MT_multlinerow_int=\count313
\l_MT_multwidth_dim=\dimen169
\origjot=\skip100
\l_MT_shortvdotswithinadjustabove_dim=\dimen170
\l_MT_shortvdotswithinadjustbelow_dim=\dimen171
\l_MT_above_intertext_sep=\dimen172
\l_MT_below_intertext_sep=\dimen173
\l_MT_above_shortintertext_sep=\dimen174
\l_MT_below_shortintertext_sep=\dimen175
\xmathstrut@box=\box56
\xmathstrut@dim=\dimen176
) (/usr/share/texmf-dist/tex/latex/tools/multicol.sty
Package: multicol 2024/09/14 v1.9i multicolumn formatting (FMi)
\c@tracingmulticols=\count314
\mult@box=\box57
\multicol@leftmargin=\dimen177
\c@unbalance=\count315
\c@collectmore=\count316
\doublecol@number=\count317
\multicoltolerance=\count318
\multicolpretolerance=\count319
\full@width=\dimen178
\page@free=\dimen179
\premulticols=\dimen180
\postmulticols=\dimen181
\multicolsep=\skip101
\multicolbaselineskip=\skip102
\partial@page=\box58
\last@line=\box59
\mc@boxedresult=\box60
\maxbalancingoverflow=\dimen182
\mult@rightbox=\box61
\mult@grightbox=\box62
\mult@firstbox=\box63
\mult@gfirstbox=\box64
\@tempa=\box65
\@tempa=\box66
\@tempa=\box67
\@tempa=\box68
\@tempa=\box69
\@tempa=\box70
\@tempa=\box71
\@tempa=\box72
\@tempa=\box73
\@tempa=\box74
\@tempa=\box75
\@tempa=\box76
\@tempa=\box77
\@tempa=\box78
\@tempa=\box79
\@tempa=\box80
\@tempa=\box81
\@tempa=\box82
\@tempa=\box83
\@tempa=\box84
\@tempa=\box85
\@tempa=\box86
\@tempa=\box87
\@tempa=\box88
\@tempa=\box89
\@tempa=\box90
\@tempa=\box91
\@tempa=\box92
\@tempa=\box93
\@tempa=\box94
\@tempa=\box95
\@tempa=\box96
\@tempa=\box97
\@tempa=\box98
\@tempa=\box99
\@tempa=\box100
\c@minrows=\count320
\c@columnbadness=\count321
\c@finalcolumnbadness=\count322
\last@try=\dimen183
\multicolovershoot=\dimen184
\multicolundershoot=\dimen185
\mult@nat@firstbox=\box101
\colbreak@box=\box102
\mc@col@check@num=\count323
) (/usr/share/texmf-dist/tex/latex/cleveref/cleveref.sty
Package: cleveref 2018/03/27 v0.21.4 Intelligent cross-referencing
Package cleveref Info: `hyperref' support loaded on input line 2370.
LaTeX Info: Redefining \cref on input line 2370.
LaTeX Info: Redefining \Cref on input line 2370.
LaTeX Info: Redefining \crefrange on input line 2370.
LaTeX Info: Redefining \Crefrange on input line 2370.
LaTeX Info: Redefining \cpageref on input line 2370.
LaTeX Info: Redefining \Cpageref on input line 2370.
LaTeX Info: Redefining \cpagerefrange on input line 2370.
LaTeX Info: Redefining \Cpagerefrange on input line 2370.
LaTeX Info: Redefining \labelcref on input line 2370.
LaTeX Info: Redefining \labelcpageref on input line 2370.
Package cleveref Info: `amsthm' support loaded on input line 3026.
) (/usr/share/texmf-dist/tex/latex/tikz-cd/tikz-cd.sty
Package: tikz-cd 2021/05/04 v1.0 Commutative diagrams with TikZ
 (/usr/share/texmf-dist/tex/latex/pgf/frontendlayer/tikz.sty (/usr/share/texmf-dist/tex/latex/pgf/basiclayer/pgf.sty (/usr/share/texmf-dist/tex/latex/pgf/utilities/pgfrcs.sty (/usr/share/texmf-dist/tex/generic/pgf/utilities/pgfutil-common.tex
\pgfutil@everybye=\toks34
\pgfutil@tempdima=\dimen186
\pgfutil@tempdimb=\dimen187
) (/usr/share/texmf-dist/tex/generic/pgf/utilities/pgfutil-latex.def
\pgfutil@abb=\box103
) (/usr/share/texmf-dist/tex/generic/pgf/utilities/pgfrcs.code.tex (/usr/share/texmf-dist/tex/generic/pgf/pgf.revision.tex)
Package: pgfrcs 2023-01-15 v3.1.10 (3.1.10)
))
Package: pgf 2023-01-15 v3.1.10 (3.1.10)
 (/usr/share/texmf-dist/tex/latex/pgf/basiclayer/pgfcore.sty (/usr/share/texmf-dist/tex/latex/pgf/systemlayer/pgfsys.sty (/usr/share/texmf-dist/tex/generic/pgf/systemlayer/pgfsys.code.tex
Package: pgfsys 2023-01-15 v3.1.10 (3.1.10)
 (/usr/share/texmf-dist/tex/generic/pgf/utilities/pgfkeys.code.tex
\pgfkeys@pathtoks=\toks35
\pgfkeys@temptoks=\toks36
 (/usr/share/texmf-dist/tex/generic/pgf/utilities/pgfkeyslibraryfiltered.code.tex
\pgfkeys@tmptoks=\toks37
))
\pgf@x=\dimen188
\pgf@y=\dimen189
\pgf@xa=\dimen190
\pgf@ya=\dimen191
\pgf@xb=\dimen192
\pgf@yb=\dimen193
\pgf@xc=\dimen194
\pgf@yc=\dimen195
\pgf@xd=\dimen196
\pgf@yd=\dimen197
\w@pgf@writea=\write3
\r@pgf@reada=\read3
\c@pgf@counta=\count324
\c@pgf@countb=\count325
\c@pgf@countc=\count326
\c@pgf@countd=\count327
\t@pgf@toka=\toks38
\t@pgf@tokb=\toks39
\t@pgf@tokc=\toks40
\pgf@sys@id@count=\count328
 (/usr/share/texmf-dist/tex/generic/pgf/systemlayer/pgf.cfg
File: pgf.cfg 2023-01-15 v3.1.10 (3.1.10)
)
Driver file for pgf: pgfsys-pdftex.def
 (/usr/share/texmf-dist/tex/generic/pgf/systemlayer/pgfsys-pdftex.def
File: pgfsys-pdftex.def 2023-01-15 v3.1.10 (3.1.10)

(/usr/share/texmf-dist/tex/generic/pgf/systemlayer/pgfsys-common-pdf.def
File: pgfsys-common-pdf.def 2023-01-15 v3.1.10 (3.1.10)
))) (/usr/share/texmf-dist/tex/generic/pgf/systemlayer/pgfsyssoftpath.code.tex
File: pgfsyssoftpath.code.tex 2023-01-15 v3.1.10 (3.1.10)
\pgfsyssoftpath@smallbuffer@items=\count329
\pgfsyssoftpath@bigbuffer@items=\count330
) (/usr/share/texmf-dist/tex/generic/pgf/systemlayer/pgfsysprotocol.code.tex
File: pgfsysprotocol.code.tex 2023-01-15 v3.1.10 (3.1.10)
)) (/usr/share/texmf-dist/tex/latex/xcolor/xcolor.sty
Package: xcolor 2024/09/29 v3.02 LaTeX color extensions (UK)
 (/usr/share/texmf-dist/tex/latex/graphics-cfg/color.cfg
File: color.cfg 2016/01/02 v1.6 sample color configuration
)
Package xcolor Info: Driver file: pdftex.def on input line 274.
 (/usr/share/texmf-dist/tex/latex/graphics/mathcolor.ltx)
Package xcolor Info: Model `cmy' substituted by `cmy0' on input line 1349.
Package xcolor Info: Model `hsb' substituted by `rgb' on input line 1353.
Package xcolor Info: Model `RGB' extended on input line 1365.
Package xcolor Info: Model `HTML' substituted by `rgb' on input line 1367.
Package xcolor Info: Model `Hsb' substituted by `hsb' on input line 1368.
Package xcolor Info: Model `tHsb' substituted by `hsb' on input line 1369.
Package xcolor Info: Model `HSB' substituted by `hsb' on input line 1370.
Package xcolor Info: Model `Gray' substituted by `gray' on input line 1371.
Package xcolor Info: Model `wave' substituted by `hsb' on input line 1372.
) (/usr/share/texmf-dist/tex/generic/pgf/basiclayer/pgfcore.code.tex
Package: pgfcore 2023-01-15 v3.1.10 (3.1.10)
 (/usr/share/texmf-dist/tex/generic/pgf/math/pgfmath.code.tex (/usr/share/texmf-dist/tex/generic/pgf/math/pgfmathutil.code.tex) (/usr/share/texmf-dist/tex/generic/pgf/math/pgfmathparser.code.tex
\pgfmath@dimen=\dimen198
\pgfmath@count=\count331
\pgfmath@box=\box104
\pgfmath@toks=\toks41
\pgfmath@stack@operand=\toks42
\pgfmath@stack@operation=\toks43
) (/usr/share/texmf-dist/tex/generic/pgf/math/pgfmathfunctions.code.tex) (/usr/share/texmf-dist/tex/generic/pgf/math/pgfmathfunctions.basic.code.tex) (/usr/share/texmf-dist/tex/generic/pgf/math/pgfmathfunctions.trigonometric.code.tex) (/usr/share/texmf-dist/tex/generic/pgf/math/pgfmathfunctions.random.code.tex) (/usr/share/texmf-dist/tex/generic/pgf/math/pgfmathfunctions.comparison.code.tex) (/usr/share/texmf-dist/tex/generic/pgf/math/pgfmathfunctions.base.code.tex) (/usr/share/texmf-dist/tex/generic/pgf/math/pgfmathfunctions.round.code.tex) (/usr/share/texmf-dist/tex/generic/pgf/math/pgfmathfunctions.misc.code.tex) (/usr/share/texmf-dist/tex/generic/pgf/math/pgfmathfunctions.integerarithmetics.code.tex) (/usr/share/texmf-dist/tex/generic/pgf/math/pgfmathcalc.code.tex) (/usr/share/texmf-dist/tex/generic/pgf/math/pgfmathfloat.code.tex
\c@pgfmathroundto@lastzeros=\count332
)) (/usr/share/texmf-dist/tex/generic/pgf/math/pgfint.code.tex) (/usr/share/texmf-dist/tex/generic/pgf/basiclayer/pgfcorepoints.code.tex
File: pgfcorepoints.code.tex 2023-01-15 v3.1.10 (3.1.10)
\pgf@picminx=\dimen199
\pgf@picmaxx=\dimen256
\pgf@picminy=\dimen257
\pgf@picmaxy=\dimen258
\pgf@pathminx=\dimen259
\pgf@pathmaxx=\dimen260
\pgf@pathminy=\dimen261
\pgf@pathmaxy=\dimen262
\pgf@xx=\dimen263
\pgf@xy=\dimen264
\pgf@yx=\dimen265
\pgf@yy=\dimen266
\pgf@zx=\dimen267
\pgf@zy=\dimen268
) (/usr/share/texmf-dist/tex/generic/pgf/basiclayer/pgfcorepathconstruct.code.tex
File: pgfcorepathconstruct.code.tex 2023-01-15 v3.1.10 (3.1.10)
\pgf@path@lastx=\dimen269
\pgf@path@lasty=\dimen270
) (/usr/share/texmf-dist/tex/generic/pgf/basiclayer/pgfcorepathusage.code.tex
File: pgfcorepathusage.code.tex 2023-01-15 v3.1.10 (3.1.10)
\pgf@shorten@end@additional=\dimen271
\pgf@shorten@start@additional=\dimen272
) (/usr/share/texmf-dist/tex/generic/pgf/basiclayer/pgfcorescopes.code.tex
File: pgfcorescopes.code.tex 2023-01-15 v3.1.10 (3.1.10)
\pgfpic=\box105
\pgf@hbox=\box106
\pgf@layerbox@main=\box107
\pgf@picture@serial@count=\count333
) (/usr/share/texmf-dist/tex/generic/pgf/basiclayer/pgfcoregraphicstate.code.tex
File: pgfcoregraphicstate.code.tex 2023-01-15 v3.1.10 (3.1.10)
\pgflinewidth=\dimen273
)
(/usr/share/texmf-dist/tex/generic/pgf/basiclayer/pgfcoretransformations.code.tex
File: pgfcoretransformations.code.tex 2023-01-15 v3.1.10 (3.1.10)
\pgf@pt@x=\dimen274
\pgf@pt@y=\dimen275
\pgf@pt@temp=\dimen276
) (/usr/share/texmf-dist/tex/generic/pgf/basiclayer/pgfcorequick.code.tex
File: pgfcorequick.code.tex 2023-01-15 v3.1.10 (3.1.10)
) (/usr/share/texmf-dist/tex/generic/pgf/basiclayer/pgfcoreobjects.code.tex
File: pgfcoreobjects.code.tex 2023-01-15 v3.1.10 (3.1.10)
) (/usr/share/texmf-dist/tex/generic/pgf/basiclayer/pgfcorepathprocessing.code.tex
File: pgfcorepathprocessing.code.tex 2023-01-15 v3.1.10 (3.1.10)
) (/usr/share/texmf-dist/tex/generic/pgf/basiclayer/pgfcorearrows.code.tex
File: pgfcorearrows.code.tex 2023-01-15 v3.1.10 (3.1.10)
\pgfarrowsep=\dimen277
) (/usr/share/texmf-dist/tex/generic/pgf/basiclayer/pgfcoreshade.code.tex
File: pgfcoreshade.code.tex 2023-01-15 v3.1.10 (3.1.10)
\pgf@max=\dimen278
\pgf@sys@shading@range@num=\count334
\pgf@shadingcount=\count335
) (/usr/share/texmf-dist/tex/generic/pgf/basiclayer/pgfcoreimage.code.tex
File: pgfcoreimage.code.tex 2023-01-15 v3.1.10 (3.1.10)
) (/usr/share/texmf-dist/tex/generic/pgf/basiclayer/pgfcoreexternal.code.tex
File: pgfcoreexternal.code.tex 2023-01-15 v3.1.10 (3.1.10)
\pgfexternal@startupbox=\box108
) (/usr/share/texmf-dist/tex/generic/pgf/basiclayer/pgfcorelayers.code.tex
File: pgfcorelayers.code.tex 2023-01-15 v3.1.10 (3.1.10)
) (/usr/share/texmf-dist/tex/generic/pgf/basiclayer/pgfcoretransparency.code.tex
File: pgfcoretransparency.code.tex 2023-01-15 v3.1.10 (3.1.10)
) (/usr/share/texmf-dist/tex/generic/pgf/basiclayer/pgfcorepatterns.code.tex
File: pgfcorepatterns.code.tex 2023-01-15 v3.1.10 (3.1.10)
) (/usr/share/texmf-dist/tex/generic/pgf/basiclayer/pgfcorerdf.code.tex
File: pgfcorerdf.code.tex 2023-01-15 v3.1.10 (3.1.10)
))) (/usr/share/texmf-dist/tex/generic/pgf/modules/pgfmoduleshapes.code.tex
File: pgfmoduleshapes.code.tex 2023-01-15 v3.1.10 (3.1.10)
\pgfnodeparttextbox=\box109
) (/usr/share/texmf-dist/tex/generic/pgf/modules/pgfmoduleplot.code.tex
File: pgfmoduleplot.code.tex 2023-01-15 v3.1.10 (3.1.10)
) (/usr/share/texmf-dist/tex/latex/pgf/compatibility/pgfcomp-version-0-65.sty
Package: pgfcomp-version-0-65 2023-01-15 v3.1.10 (3.1.10)
\pgf@nodesepstart=\dimen279
\pgf@nodesepend=\dimen280
) (/usr/share/texmf-dist/tex/latex/pgf/compatibility/pgfcomp-version-1-18.sty
Package: pgfcomp-version-1-18 2023-01-15 v3.1.10 (3.1.10)
)) (/usr/share/texmf-dist/tex/latex/pgf/utilities/pgffor.sty (/usr/share/texmf-dist/tex/latex/pgf/utilities/pgfkeys.sty (/usr/share/texmf-dist/tex/generic/pgf/utilities/pgfkeys.code.tex)) (/usr/share/texmf-dist/tex/latex/pgf/math/pgfmath.sty (/usr/share/texmf-dist/tex/generic/pgf/math/pgfmath.code.tex)) (/usr/share/texmf-dist/tex/generic/pgf/utilities/pgffor.code.tex
Package: pgffor 2023-01-15 v3.1.10 (3.1.10)
\pgffor@iter=\dimen281
\pgffor@skip=\dimen282
\pgffor@stack=\toks44
\pgffor@toks=\toks45
)) (/usr/share/texmf-dist/tex/generic/pgf/frontendlayer/tikz/tikz.code.tex
Package: tikz 2023-01-15 v3.1.10 (3.1.10)
 (/usr/share/texmf-dist/tex/generic/pgf/libraries/pgflibraryplothandlers.code.tex
File: pgflibraryplothandlers.code.tex 2023-01-15 v3.1.10 (3.1.10)
\pgf@plot@mark@count=\count336
\pgfplotmarksize=\dimen283
)
\tikz@lastx=\dimen284
\tikz@lasty=\dimen285
\tikz@lastxsaved=\dimen286
\tikz@lastysaved=\dimen287
\tikz@lastmovetox=\dimen288
\tikz@lastmovetoy=\dimen289
\tikzleveldistance=\dimen290
\tikzsiblingdistance=\dimen291
\tikz@figbox=\box110
\tikz@figbox@bg=\box111
\tikz@tempbox=\box112
\tikz@tempbox@bg=\box113
\tikztreelevel=\count337
\tikznumberofchildren=\count338
\tikznumberofcurrentchild=\count339
\tikz@fig@count=\count340
 (/usr/share/texmf-dist/tex/generic/pgf/modules/pgfmodulematrix.code.tex
File: pgfmodulematrix.code.tex 2023-01-15 v3.1.10 (3.1.10)
\pgfmatrixcurrentrow=\count341
\pgfmatrixcurrentcolumn=\count342
\pgf@matrix@numberofcolumns=\count343
)
\tikz@expandcount=\count344
 (/usr/share/texmf-dist/tex/generic/pgf/frontendlayer/tikz/libraries/tikzlibrarytopaths.code.tex
File: tikzlibrarytopaths.code.tex 2023-01-15 v3.1.10 (3.1.10)
))) (/usr/share/texmf-dist/tex/generic/tikz-cd/tikzlibrarycd.code.tex
(/usr/share/texmf-dist/tex/generic/pgf/frontendlayer/tikz/libraries/tikzlibrarymatrix.code.tex
File: tikzlibrarymatrix.code.tex 2023-01-15 v3.1.10 (3.1.10)
) (/usr/share/texmf-dist/tex/generic/pgf/frontendlayer/tikz/libraries/tikzlibraryquotes.code.tex
File: tikzlibraryquotes.code.tex 2023-01-15 v3.1.10 (3.1.10)
) (/usr/share/texmf-dist/tex/generic/pgf/libraries/pgflibraryarrows.meta.code.tex
File: pgflibraryarrows.meta.code.tex 2023-01-15 v3.1.10 (3.1.10)
\pgfarrowinset=\dimen292
\pgfarrowlength=\dimen293
\pgfarrowwidth=\dimen294
\pgfarrowlinewidth=\dimen295
))) (/usr/share/texmf-dist/tex/generic/pgf/frontendlayer/tikz/libraries/tikzlibrarybabel.code.tex
File: tikzlibrarybabel.code.tex 2023-01-15 v3.1.10 (3.1.10)
) (/usr/share/texmf-dist/tex/latex/adjustbox/adjustbox.sty
Package: adjustbox 2025/02/26 v1.3c Adjusting TeX boxes (trim, clip, ...)
 (/usr/share/texmf-dist/tex/latex/xkeyval/xkeyval.sty
Package: xkeyval 2022/06/16 v2.9 package option processing (HA)
 (/usr/share/texmf-dist/tex/generic/xkeyval/xkeyval.tex (/usr/share/texmf-dist/tex/generic/xkeyval/xkvutils.tex
\XKV@toks=\toks46
\XKV@tempa@toks=\toks47
)
\XKV@depth=\count345
File: xkeyval.tex 2014/12/03 v2.7a key=value parser (HA)
)) (/usr/share/texmf-dist/tex/latex/adjustbox/adjcalc.sty
Package: adjcalc 2012/05/16 v1.1 Provides advanced setlength with multiple back-ends (calc, etex, pgfmath)
) (/usr/share/texmf-dist/tex/latex/adjustbox/trimclip.sty
Package: trimclip 2025/02/21 v1.2a Trim and clip general TeX material
 (/usr/share/texmf-dist/tex/latex/collectbox/collectbox.sty
Package: collectbox 2022/10/17 v0.4c Collect macro arguments as boxes
\collectedbox=\box114
)
\tc@llx=\dimen296
\tc@lly=\dimen297
\tc@urx=\dimen298
\tc@ury=\dimen299
Package trimclip Info: Using driver 'tc-pdftex.def'.
 (/usr/share/texmf-dist/tex/latex/adjustbox/tc-pdftex.def
File: tc-pdftex.def 2025/02/26 v2.3 Clipping driver for pdftex
))
\adjbox@Width=\dimen300
\adjbox@Height=\dimen301
\adjbox@Depth=\dimen302
\adjbox@Totalheight=\dimen303
\adjbox@pwidth=\dimen304
\adjbox@pheight=\dimen305
\adjbox@pdepth=\dimen306
\adjbox@ptotalheight=\dimen307
 (/usr/share/texmf-dist/tex/latex/ifoddpage/ifoddpage.sty
Package: ifoddpage 2022/10/18 v1.2 Conditionals for odd/even page detection
\c@checkoddpage=\count346
) (/usr/share/texmf-dist/tex/latex/varwidth/varwidth.sty
Package: varwidth 2009/03/30 ver 0.92;  Variable-width minipages
\@vwid@box=\box115
\sift@deathcycles=\count347
\@vwid@loff=\dimen308
\@vwid@roff=\dimen309
))
Package hyperref Info: Option `breaklinks' set `true' on input line 38.
\c@theorem=\count348
\c@proposition=\count349
\c@corollary=\count350
\c@lemma=\count351
\c@definition=\count352
\c@remark=\count353
\c@example=\count354
\@indexfile=\write4
\openout4 = `main.idx'.


Writing index file main.idx
) (./main.aux
LaTeX Info: Redefining \. on input line 16.
LaTeX Info: Redefining \% on input line 16.
)
\openout1 = `main.aux'.

LaTeX Font Info:    Checking defaults for OML/cmm/m/it on input line 4.
LaTeX Font Info:    ... okay on input line 4.
LaTeX Font Info:    Checking defaults for OMS/cmsy/m/n on input line 4.
LaTeX Font Info:    ... okay on input line 4.
LaTeX Font Info:    Checking defaults for OT1/cmr/m/n on input line 4.
LaTeX Font Info:    ... okay on input line 4.
LaTeX Font Info:    Checking defaults for T1/cmr/m/n on input line 4.
LaTeX Font Info:    ... okay on input line 4.
LaTeX Font Info:    Checking defaults for TS1/cmr/m/n on input line 4.
LaTeX Font Info:    ... okay on input line 4.
LaTeX Font Info:    Checking defaults for OMX/cmex/m/n on input line 4.
LaTeX Font Info:    ... okay on input line 4.
LaTeX Font Info:    Checking defaults for U/cmr/m/n on input line 4.
LaTeX Font Info:    ... okay on input line 4.
LaTeX Font Info:    Checking defaults for PD1/pdf/m/n on input line 4.
LaTeX Font Info:    ... okay on input line 4.
LaTeX Font Info:    Checking defaults for PU/pdf/m/n on input line 4.
LaTeX Font Info:    ... okay on input line 4.
LaTeX Info: Redefining \. on input line 4.
LaTeX Info: Redefining \% on input line 4.

*geometry* driver: auto-detecting
*geometry* detected driver: pdftex
*geometry* verbose mode - [ preamble ] result:
* driver: pdftex
* paper: custom
* layout: <same size as paper>
* layoutoffset:(h,v)=(0.0pt,0.0pt)
* modes: 
* h-part:(L,W,R)=(227.62204pt, 338.5878pt, 227.62204pt)
* v-part:(T,H,B)=(53.5842pt, 312.56993pt, 80.3763pt)
* \paperwidth=793.83188pt
* \paperheight=446.53043pt
* \textwidth=338.5878pt
* \textheight=312.56993pt
* \oddsidemargin=155.35205pt
* \evensidemargin=155.35205pt
* \topmargin=-55.68579pt
* \headheight=12.0pt
* \headsep=25.0pt
* \topskip=10.0pt
* \footskip=30.0pt
* \marginparwidth=65.0pt
* \marginparsep=22.76219pt
* \columnsep=5.69054pt
* \skip\footins=9.0pt plus 4.0pt minus 2.0pt
* \hoffset=0.0pt
* \voffset=0.0pt
* \mag=1000
* \@twocolumnfalse
* \@twosidefalse
* \@mparswitchfalse
* \@reversemarginfalse
* (1in=72.27pt=25.4mm, 1cm=28.453pt)

Package hyperref Info: Link coloring OFF on input line 4.
(/usr/share/texmf-dist/tex/context/base/mkii/supp-pdf.mkii
[Loading MPS to PDF converter (version 2006.09.02).]
\scratchcounter=\count355
\scratchdimen=\dimen310
\scratchbox=\box116
\nofMPsegments=\count356
\nofMParguments=\count357
\everyMPshowfont=\toks48
\MPscratchCnt=\count358
\MPscratchDim=\dimen311
\MPnumerator=\count359
\makeMPintoPDFobject=\count360
\everyMPtoPDFconversion=\toks49
) (/usr/share/texmf-dist/tex/latex/epstopdf-pkg/epstopdf-base.sty
Package: epstopdf-base 2020-01-24 v2.11 Base part for package epstopdf
Package epstopdf-base Info: Redefining graphics rule for `.eps' on input line 485.
 (/usr/share/texmf-dist/tex/latex/latexconfig/epstopdf-sys.cfg
File: epstopdf-sys.cfg 2010/07/13 v1.3 Configuration of (r)epstopdf for TeX Live
)) (./main.toc
LaTeX Info: Redefining \. on input line 4.
LaTeX Info: Redefining \% on input line 4.
Package cleveref Info: loaded `spanish' language definitions on input line 4.
LaTeX Font Info:    Font shape `T1/cmbr/b/n' in size <9> not available
(Font)              Font shape `T1/cmbr/bx/n' tried instead on input line 5.
LaTeX Font Info:    Trying to load font information for OT1+cmbr on input line 5.
 (/usr/share/texmf-dist/tex/latex/cmbright/ot1cmbr.fd
File: ot1cmbr.fd 2005/04/13 v8.1 (WaS)
)
LaTeX Font Info:    Trying to load font information for OML+cmbrm on input line 5.
 (/usr/share/texmf-dist/tex/latex/cmbright/omlcmbrm.fd
File: omlcmbrm.fd 2005/04/13 v8.1 (WaS)
)
LaTeX Font Info:    Trying to load font information for OMS+cmbrs on input line 5.
 (/usr/share/texmf-dist/tex/latex/cmbright/omscmbrs.fd
File: omscmbrs.fd 2005/04/13 v8.1 (WaS)
)

[1

{/var/lib/texmf/fonts/map/pdftex/updmap/pdftex.map}{/usr/share/texmf-dist/fonts/enc/dvips/cm-super/cm-super-t1.enc}]

[2])
\tf@toc=\write5
\openout5 = `main.toc'.

 (./cards/1.tex

[3]

[4]
Package marginnote Info: Margin note 5.1 is on absolute page 5 on input line 1.
Package marginnote Info: right page because not two side mode on input line 1.
Package marginnote Info: xpos seems to be 460.80469pt on input line 1.
Package marginnote Info: Margin note 5.2 is on absolute page 5 on input line 1.
Package marginnote Info: right page because not two side mode on input line 1.
Package marginnote Info: xpos seems to be 464.12965pt on input line 1.
LaTeX Font Info:    Font shape `T1/cmbr/b/n' in size <10> not available
(Font)              Font shape `T1/cmbr/bx/n' tried instead on input line 4.
LaTeX Font Info:    Font shape `T1/cmbr/m/it' in size <10> not available
(Font)              Font shape `T1/cmbr/m/sl' tried instead on input line 29.
) (./cards/1a.tex

[5]
Package marginnote Info: Margin note 6.1 is on absolute page 6 on input line 1.
Package marginnote Info: right page because not two side mode on input line 1.
Package marginnote Info: xpos seems to be 401.16531pt on input line 1.
Package marginnote Info: Margin note 6.2 is on absolute page 6 on input line 1.
Package marginnote Info: right page because not two side mode on input line 1.
Package marginnote Info: xpos seems to be 404.49028pt on input line 1.
) (./cards/1a1.tex

[6]
Package marginnote Info: Margin note 7.1 is on absolute page 7 on input line 1.
Package marginnote Info: right page because not two side mode on input line 1.
Package marginnote Info: xpos seems to be 473.95663pt on input line 1.
Package marginnote Info: Margin note 7.2 is on absolute page 7 on input line 1.
Package marginnote Info: right page because not two side mode on input line 1.
Package marginnote Info: xpos seems to be 477.2816pt on input line 1.
) (./cards/1b.tex

[7]
Package marginnote Info: Margin note 8.1 is on absolute page 8 on input line 1.
Package marginnote Info: right page because not two side mode on input line 1.
Package marginnote Info: xpos seems to be 459.37674pt on input line 1.
Package marginnote Info: Margin note 8.2 is on absolute page 8 on input line 1.
Package marginnote Info: right page because not two side mode on input line 1.
Package marginnote Info: xpos seems to be 462.7017pt on input line 1.
) (./cards/1b1.tex

[8]
Package marginnote Info: Margin note 9.1 is on absolute page 9 on input line 1.
Package marginnote Info: right page because not two side mode on input line 1.
Package marginnote Info: xpos seems to be 446.48882pt on input line 1.
Package marginnote Info: Margin note 9.2 is on absolute page 9 on input line 1.
Package marginnote Info: right page because not two side mode on input line 1.
Package marginnote Info: xpos seems to be 449.81378pt on input line 1.


[9]) (./cards/1b2.tex

[10]
Package marginnote Info: Margin note 11.1 is on absolute page 11 on input line 1.
Package marginnote Info: right page because not two side mode on input line 1.
Package marginnote Info: xpos seems to be 450.91678pt on input line 1.
Package marginnote Info: Margin note 11.2 is on absolute page 11 on input line 1.
Package marginnote Info: right page because not two side mode on input line 1.
Package marginnote Info: xpos seems to be 454.24174pt on input line 1.
) (./cards/2.tex

[11]
Package marginnote Info: Margin note 12.1 is on absolute page 12 on input line 1.
Package marginnote Info: right page because not two side mode on input line 1.
Package marginnote Info: xpos seems to be 428.825pt on input line 1.
Package marginnote Info: Margin note 12.2 is on absolute page 12 on input line 1.
Package marginnote Info: right page because not two side mode on input line 1.
Package marginnote Info: xpos seems to be 432.14996pt on input line 1.
) (./cards/2a.tex

[12]
Package marginnote Info: Margin note 13.1 is on absolute page 13 on input line 1.
Package marginnote Info: right page because not two side mode on input line 1.
Package marginnote Info: xpos seems to be 386.20145pt on input line 1.
Package marginnote Info: Margin note 13.2 is on absolute page 13 on input line 1.
Package marginnote Info: right page because not two side mode on input line 1.
Package marginnote Info: xpos seems to be 389.52641pt on input line 1.
) (./cards/2a1.tex

[13]
Package marginnote Info: Margin note 14.1 is on absolute page 14 on input line 1.
Package marginnote Info: right page because not two side mode on input line 1.
Package marginnote Info: xpos seems to be 419.2011pt on input line 1.
Package marginnote Info: Margin note 14.2 is on absolute page 14 on input line 1.
Package marginnote Info: right page because not two side mode on input line 1.
Package marginnote Info: xpos seems to be 422.52606pt on input line 1.
) (./cards/2a2.tex

[14]
Package marginnote Info: Margin note 15.1 is on absolute page 15 on input line 1.
Package marginnote Info: right page because not two side mode on input line 1.
Package marginnote Info: xpos seems to be 413.29716pt on input line 1.
Package marginnote Info: Margin note 15.2 is on absolute page 15 on input line 1.
Package marginnote Info: right page because not two side mode on input line 1.
Package marginnote Info: xpos seems to be 416.62213pt on input line 1.
) (./cards/2a2a.tex

[15]
Package marginnote Info: Margin note 16.1 is on absolute page 16 on input line 1.
Package marginnote Info: right page because not two side mode on input line 1.
Package marginnote Info: xpos seems to be 387.08937pt on input line 1.
Package marginnote Info: Margin note 16.2 is on absolute page 16 on input line 1.
Package marginnote Info: right page because not two side mode on input line 1.
Package marginnote Info: xpos seems to be 390.41434pt on input line 1.
) (./cards/2a2b.tex

[16]
Package marginnote Info: Margin note 17.1 is on absolute page 17 on input line 1.
Package marginnote Info: right page because not two side mode on input line 1.
Package marginnote Info: xpos seems to be 424.62502pt on input line 1.
Package marginnote Info: Margin note 17.2 is on absolute page 17 on input line 1.
Package marginnote Info: right page because not two side mode on input line 1.
Package marginnote Info: xpos seems to be 427.94998pt on input line 1.
) (./cards/2a3.tex

[17]
Package marginnote Info: Margin note 18.1 is on absolute page 18 on input line 1.
Package marginnote Info: right page because not two side mode on input line 1.
Package marginnote Info: xpos seems to be 335.20197pt on input line 1.
Package marginnote Info: Margin note 18.2 is on absolute page 18 on input line 1.
Package marginnote Info: right page because not two side mode on input line 1.
Package marginnote Info: xpos seems to be 338.52693pt on input line 1.


[18]) (./cards/2b.tex

[19]
Package marginnote Info: Margin note 20.1 is on absolute page 20 on input line 1.
Package marginnote Info: right page because not two side mode on input line 1.
Package marginnote Info: xpos seems to be 468.12465pt on input line 1.
Package marginnote Info: Margin note 20.2 is on absolute page 20 on input line 1.
Package marginnote Info: right page because not two side mode on input line 1.
Package marginnote Info: xpos seems to be 471.44962pt on input line 1.
) (./cards/2b1.tex

[20]
Package marginnote Info: Margin note 21.1 is on absolute page 21 on input line 1.
Package marginnote Info: right page because not two side mode on input line 1.
Package marginnote Info: xpos seems to be 415.91315pt on input line 1.
Package marginnote Info: Margin note 21.2 is on absolute page 21 on input line 1.
Package marginnote Info: right page because not two side mode on input line 1.
Package marginnote Info: xpos seems to be 419.23811pt on input line 1.
) (./cards/2c.tex

[21]
Package marginnote Info: Margin note 22.1 is on absolute page 22 on input line 1.
Package marginnote Info: right page because not two side mode on input line 1.
Package marginnote Info: xpos seems to be 415.74516pt on input line 1.
Package marginnote Info: Margin note 22.2 is on absolute page 22 on input line 1.
Package marginnote Info: right page because not two side mode on input line 1.
Package marginnote Info: xpos seems to be 419.07013pt on input line 1.
) (./cards/2c1.tex

[22]
Package marginnote Info: Margin note 23.1 is on absolute page 23 on input line 1.
Package marginnote Info: right page because not two side mode on input line 1.
Package marginnote Info: xpos seems to be 499.27634pt on input line 1.
Package marginnote Info: Margin note 23.2 is on absolute page 23 on input line 1.
Package marginnote Info: right page because not two side mode on input line 1.
Package marginnote Info: xpos seems to be 502.6013pt on input line 1.
) (./cards/2c2.tex

[23]
Package marginnote Info: Margin note 24.1 is on absolute page 24 on input line 1.
Package marginnote Info: right page because not two side mode on input line 1.
Package marginnote Info: xpos seems to be 414.11319pt on input line 1.
Package marginnote Info: Margin note 24.2 is on absolute page 24 on input line 1.
Package marginnote Info: right page because not two side mode on input line 1.
Package marginnote Info: xpos seems to be 417.43816pt on input line 1.


[24]) (./cards/2c3.tex

[25]
Package marginnote Info: Margin note 26.1 is on absolute page 26 on input line 1.
Package marginnote Info: right page because not two side mode on input line 1.
Package marginnote Info: xpos seems to be 464.42863pt on input line 1.
Package marginnote Info: Margin note 26.2 is on absolute page 26 on input line 1.
Package marginnote Info: right page because not two side mode on input line 1.
Package marginnote Info: xpos seems to be 467.7536pt on input line 1.


[26]) (./cards/2c4.tex

[27]
Package marginnote Info: Margin note 28.1 is on absolute page 28 on input line 1.
Package marginnote Info: right page because not two side mode on input line 1.
Package marginnote Info: xpos seems to be 444.30486pt on input line 1.
Package marginnote Info: Margin note 28.2 is on absolute page 28 on input line 1.
Package marginnote Info: right page because not two side mode on input line 1.
Package marginnote Info: xpos seems to be 447.62982pt on input line 1.


[28]) (./cards/2c4a.tex

[29]
Package marginnote Info: Margin note 30.1 is on absolute page 30 on input line 1.
Package marginnote Info: right page because not two side mode on input line 1.
Package marginnote Info: xpos seems to be 399.5213pt on input line 1.
Package marginnote Info: Margin note 30.2 is on absolute page 30 on input line 1.
Package marginnote Info: right page because not two side mode on input line 1.
Package marginnote Info: xpos seems to be 402.84627pt on input line 1.
) (./cards/2c5.tex

[30]
Package marginnote Info: Margin note 31.1 is on absolute page 31 on input line 1.
Package marginnote Info: right page because not two side mode on input line 1.
Package marginnote Info: xpos seems to be 405.25725pt on input line 1.
Package marginnote Info: Margin note 31.2 is on absolute page 31 on input line 1.
Package marginnote Info: right page because not two side mode on input line 1.
Package marginnote Info: xpos seems to be 408.58221pt on input line 1.
) (./cards/2c6.tex

[31]
Package marginnote Info: Margin note 32.1 is on absolute page 32 on input line 1.
Package marginnote Info: right page because not two side mode on input line 1.
Package marginnote Info: xpos seems to be 404.05722pt on input line 1.
Package marginnote Info: Margin note 32.2 is on absolute page 32 on input line 1.
Package marginnote Info: right page because not two side mode on input line 1.
Package marginnote Info: xpos seems to be 407.38219pt on input line 1.
) (./cards/2c7.tex

[32]
Package marginnote Info: Margin note 33.1 is on absolute page 33 on input line 1.
Package marginnote Info: right page because not two side mode on input line 1.
Package marginnote Info: xpos seems to be 459.07668pt on input line 1.
Package marginnote Info: Margin note 33.2 is on absolute page 33 on input line 1.
Package marginnote Info: right page because not two side mode on input line 1.
Package marginnote Info: xpos seems to be 462.40164pt on input line 1.
) (./cards/2c8.tex

[33]
Package marginnote Info: Margin note 34.1 is on absolute page 34 on input line 1.
Package marginnote Info: right page because not two side mode on input line 1.
Package marginnote Info: xpos seems to be 414.95311pt on input line 1.
Package marginnote Info: Margin note 34.2 is on absolute page 34 on input line 1.
Package marginnote Info: right page because not two side mode on input line 1.
Package marginnote Info: xpos seems to be 418.27808pt on input line 1.
) (./cards/2c9.tex

[34]
Package marginnote Info: Margin note 35.1 is on absolute page 35 on input line 1.
Package marginnote Info: right page because not two side mode on input line 1.
Package marginnote Info: xpos seems to be 487.02448pt on input line 1.
Package marginnote Info: Margin note 35.2 is on absolute page 35 on input line 1.
Package marginnote Info: right page because not two side mode on input line 1.
Package marginnote Info: xpos seems to be 490.34944pt on input line 1.


[35]) (./cards/2c10.tex

[36]
Package marginnote Info: Margin note 37.1 is on absolute page 37 on input line 1.
Package marginnote Info: right page because not two side mode on input line 1.
Package marginnote Info: xpos seems to be 415.6251pt on input line 1.
Package marginnote Info: Margin note 37.2 is on absolute page 37 on input line 1.
Package marginnote Info: right page because not two side mode on input line 1.
Package marginnote Info: xpos seems to be 418.95007pt on input line 1.
) (./cards/2c10a.tex

[37]
Package marginnote Info: Margin note 38.1 is on absolute page 38 on input line 1.
Package marginnote Info: right page because not two side mode on input line 1.
Package marginnote Info: xpos seems to be 391.3734pt on input line 1.
Package marginnote Info: Margin note 38.2 is on absolute page 38 on input line 1.
Package marginnote Info: right page because not two side mode on input line 1.
Package marginnote Info: xpos seems to be 394.69836pt on input line 1.


[38]) (./cards/2c10b.tex

[39]
Package marginnote Info: Margin note 40.1 is on absolute page 40 on input line 1.
Package marginnote Info: right page because not two side mode on input line 1.
Package marginnote Info: xpos seems to be 367.5296pt on input line 1.
Package marginnote Info: Margin note 40.2 is on absolute page 40 on input line 1.
Package marginnote Info: right page because not two side mode on input line 1.
Package marginnote Info: xpos seems to be 370.85457pt on input line 1.
) (./cards/2c11.tex

[40]
Package marginnote Info: Margin note 41.1 is on absolute page 41 on input line 1.
Package marginnote Info: right page because not two side mode on input line 1.
Package marginnote Info: xpos seems to be 522.71204pt on input line 1.
Package marginnote Info: Margin note 41.2 is on absolute page 41 on input line 1.
Package marginnote Info: right page because not two side mode on input line 1.
Package marginnote Info: xpos seems to be 526.037pt on input line 1.
) (./cards/2c12.tex

[41]
Package marginnote Info: Margin note 42.1 is on absolute page 42 on input line 1.
Package marginnote Info: right page because not two side mode on input line 1.
Package marginnote Info: xpos seems to be 441.43686pt on input line 1.
Package marginnote Info: Margin note 42.2 is on absolute page 42 on input line 1.
Package marginnote Info: right page because not two side mode on input line 1.
Package marginnote Info: xpos seems to be 444.76183pt on input line 1.


[42]) (./cards/2c12a.tex

[43]
Package marginnote Info: Margin note 44.1 is on absolute page 44 on input line 1.
Package marginnote Info: right page because not two side mode on input line 1.
Package marginnote Info: xpos seems to be 549.84377pt on input line 1.
Package marginnote Info: Margin note 44.2 is on absolute page 44 on input line 1.
Package marginnote Info: right page because not two side mode on input line 1.
Package marginnote Info: xpos seems to be 553.16873pt on input line 1.
) (./cards/2c13.tex

[44]
Package marginnote Info: Margin note 45.1 is on absolute page 45 on input line 1.
Package marginnote Info: right page because not two side mode on input line 1.
Package marginnote Info: xpos seems to be 405.25725pt on input line 1.
Package marginnote Info: Margin note 45.2 is on absolute page 45 on input line 1.
Package marginnote Info: right page because not two side mode on input line 1.
Package marginnote Info: xpos seems to be 408.58221pt on input line 1.
) (./cards/2d.tex

[45]
Package marginnote Info: Margin note 46.1 is on absolute page 46 on input line 1.
Package marginnote Info: right page because not two side mode on input line 1.
Package marginnote Info: xpos seems to be 476.23653pt on input line 1.
Package marginnote Info: Margin note 46.2 is on absolute page 46 on input line 1.
Package marginnote Info: right page because not two side mode on input line 1.
Package marginnote Info: xpos seems to be 479.5615pt on input line 1.
) (./cards/2d1.tex

[46]
Package marginnote Info: Margin note 47.1 is on absolute page 47 on input line 1.
Package marginnote Info: right page because not two side mode on input line 1.
Package marginnote Info: xpos seems to be 390.00542pt on input line 1.
Package marginnote Info: Margin note 47.2 is on absolute page 47 on input line 1.
Package marginnote Info: right page because not two side mode on input line 1.
Package marginnote Info: xpos seems to be 393.33038pt on input line 1.
) (./cards/2d2.tex

[47]
Package marginnote Info: Margin note 48.1 is on absolute page 48 on input line 1.
Package marginnote Info: right page because not two side mode on input line 1.
Package marginnote Info: xpos seems to be 441.43686pt on input line 1.
Package marginnote Info: Margin note 48.2 is on absolute page 48 on input line 1.
Package marginnote Info: right page because not two side mode on input line 1.
Package marginnote Info: xpos seems to be 444.76183pt on input line 1.


[48]) (./cards/2d3.tex

[49]
Package marginnote Info: Margin note 50.1 is on absolute page 50 on input line 1.
Package marginnote Info: right page because not two side mode on input line 1.
Package marginnote Info: xpos seems to be 442.21689pt on input line 1.
Package marginnote Info: Margin note 50.2 is on absolute page 50 on input line 1.
Package marginnote Info: right page because not two side mode on input line 1.
Package marginnote Info: xpos seems to be 445.54185pt on input line 1.
) (./cards/2d4.tex

[50]
Package marginnote Info: Margin note 51.1 is on absolute page 51 on input line 1.
Package marginnote Info: right page because not two side mode on input line 1.
Package marginnote Info: xpos seems to be 405.25725pt on input line 1.
Package marginnote Info: Margin note 51.2 is on absolute page 51 on input line 1.
Package marginnote Info: right page because not two side mode on input line 1.
Package marginnote Info: xpos seems to be 408.58221pt on input line 1.
) (./cards/2d4a.tex

[51]
Package marginnote Info: Margin note 52.1 is on absolute page 52 on input line 1.
Package marginnote Info: right page because not two side mode on input line 1.
Package marginnote Info: xpos seems to be 399.5213pt on input line 1.
Package marginnote Info: Margin note 52.2 is on absolute page 52 on input line 1.
Package marginnote Info: right page because not two side mode on input line 1.
Package marginnote Info: xpos seems to be 402.84627pt on input line 1.
) (./cards/2d5.tex

[52]
Package marginnote Info: Margin note 53.1 is on absolute page 53 on input line 1.
Package marginnote Info: right page because not two side mode on input line 1.
Package marginnote Info: xpos seems to be 405.25725pt on input line 1.
Package marginnote Info: Margin note 53.2 is on absolute page 53 on input line 1.
Package marginnote Info: right page because not two side mode on input line 1.
Package marginnote Info: xpos seems to be 408.58221pt on input line 1.
) (./cards/2d6.tex

[53]
Package marginnote Info: Margin note 54.1 is on absolute page 54 on input line 1.
Package marginnote Info: right page because not two side mode on input line 1.
Package marginnote Info: xpos seems to be 404.05722pt on input line 1.
Package marginnote Info: Margin note 54.2 is on absolute page 54 on input line 1.
Package marginnote Info: right page because not two side mode on input line 1.
Package marginnote Info: xpos seems to be 407.38219pt on input line 1.
) (./cards/2d7.tex

[54]
Package marginnote Info: Margin note 55.1 is on absolute page 55 on input line 1.
Package marginnote Info: right page because not two side mode on input line 1.
Package marginnote Info: xpos seems to be 459.07668pt on input line 1.
Package marginnote Info: Margin note 55.2 is on absolute page 55 on input line 1.
Package marginnote Info: right page because not two side mode on input line 1.
Package marginnote Info: xpos seems to be 462.40164pt on input line 1.
) (./cards/2d8.tex

[55]
Package marginnote Info: Margin note 56.1 is on absolute page 56 on input line 1.
Package marginnote Info: right page because not two side mode on input line 1.
Package marginnote Info: xpos seems to be 414.95311pt on input line 1.
Package marginnote Info: Margin note 56.2 is on absolute page 56 on input line 1.
Package marginnote Info: right page because not two side mode on input line 1.
Package marginnote Info: xpos seems to be 418.27808pt on input line 1.
) (./cards/2d9.tex

[56]
Package marginnote Info: Margin note 57.1 is on absolute page 57 on input line 1.
Package marginnote Info: right page because not two side mode on input line 1.
Package marginnote Info: xpos seems to be 487.02448pt on input line 1.
Package marginnote Info: Margin note 57.2 is on absolute page 57 on input line 1.
Package marginnote Info: right page because not two side mode on input line 1.
Package marginnote Info: xpos seems to be 490.34944pt on input line 1.


[57]) (./cards/2d10.tex

[58]
Package marginnote Info: Margin note 59.1 is on absolute page 59 on input line 1.
Package marginnote Info: right page because not two side mode on input line 1.
Package marginnote Info: xpos seems to be 415.6251pt on input line 1.
Package marginnote Info: Margin note 59.2 is on absolute page 59 on input line 1.
Package marginnote Info: right page because not two side mode on input line 1.
Package marginnote Info: xpos seems to be 418.95007pt on input line 1.
) (./cards/2d10a.tex

[59]
Package marginnote Info: Margin note 60.1 is on absolute page 60 on input line 1.
Package marginnote Info: right page because not two side mode on input line 1.
Package marginnote Info: xpos seems to be 391.3734pt on input line 1.
Package marginnote Info: Margin note 60.2 is on absolute page 60 on input line 1.
Package marginnote Info: right page because not two side mode on input line 1.
Package marginnote Info: xpos seems to be 394.69836pt on input line 1.


[60]) (./cards/2d10b.tex

[61]
Package marginnote Info: Margin note 62.1 is on absolute page 62 on input line 1.
Package marginnote Info: right page because not two side mode on input line 1.
Package marginnote Info: xpos seems to be 367.5296pt on input line 1.
Package marginnote Info: Margin note 62.2 is on absolute page 62 on input line 1.
Package marginnote Info: right page because not two side mode on input line 1.
Package marginnote Info: xpos seems to be 370.85457pt on input line 1.
) (./cards/2d11.tex

[62]
Package marginnote Info: Margin note 63.1 is on absolute page 63 on input line 1.
Package marginnote Info: right page because not two side mode on input line 1.
Package marginnote Info: xpos seems to be 522.71204pt on input line 1.
Package marginnote Info: Margin note 63.2 is on absolute page 63 on input line 1.
Package marginnote Info: right page because not two side mode on input line 1.
Package marginnote Info: xpos seems to be 526.037pt on input line 1.
) (./cards/2d12.tex

[63]
Package marginnote Info: Margin note 64.1 is on absolute page 64 on input line 1.
Package marginnote Info: right page because not two side mode on input line 1.
Package marginnote Info: xpos seems to be 441.43686pt on input line 1.
Package marginnote Info: Margin note 64.2 is on absolute page 64 on input line 1.
Package marginnote Info: right page because not two side mode on input line 1.
Package marginnote Info: xpos seems to be 444.76183pt on input line 1.


[64]) (./cards/2d12a.tex

[65]
Package marginnote Info: Margin note 66.1 is on absolute page 66 on input line 1.
Package marginnote Info: right page because not two side mode on input line 1.
Package marginnote Info: xpos seems to be 549.84377pt on input line 1.
Package marginnote Info: Margin note 66.2 is on absolute page 66 on input line 1.
Package marginnote Info: right page because not two side mode on input line 1.
Package marginnote Info: xpos seems to be 553.16873pt on input line 1.
) (./cards/2d12b.tex

[66]
Package marginnote Info: Margin note 67.1 is on absolute page 67 on input line 1.
Package marginnote Info: right page because not two side mode on input line 1.
Package marginnote Info: xpos seems to be 431.74095pt on input line 1.
Package marginnote Info: Margin note 67.2 is on absolute page 67 on input line 1.
Package marginnote Info: right page because not two side mode on input line 1.
Package marginnote Info: xpos seems to be 435.06592pt on input line 1.
) (./cards/2d13.tex

[67]
Package marginnote Info: Margin note 68.1 is on absolute page 68 on input line 1.
Package marginnote Info: right page because not two side mode on input line 1.
Package marginnote Info: xpos seems to be 405.25725pt on input line 1.
Package marginnote Info: Margin note 68.2 is on absolute page 68 on input line 1.
Package marginnote Info: right page because not two side mode on input line 1.
Package marginnote Info: xpos seems to be 408.58221pt on input line 1.
)

[68] (./main.aux
LaTeX Info: Redefining \. on input line 16.
LaTeX Info: Redefining \% on input line 16.
Package cleveref Info: loaded `spanish' language definitions on input line 16.
)
 ***********
LaTeX2e <2024-11-01> patch level 2
L3 programming layer <2025-01-18>
 ***********
 ) 
Here is how much of TeX's memory you used:
 29476 strings out of 475109
 551172 string characters out of 5765325
 1038755 words of memory out of 5000000
 51589 multiletter control sequences out of 15000+600000
 574921 words of font info for 77 fonts, out of 8000000 for 9000
 40 hyphenation exceptions out of 8191
 103i,15n,108p,1184b,1286s stack positions out of 10000i,1000n,20000p,200000b,200000s
</usr/share/texmf-dist/fonts/type1/public/amsfonts/cm/cmex10.pfb></usr/share/texmf-dist/fonts/type1/public/hfbright/hfbr10.pfb></usr/share/texmf-dist/fonts/type1/public/hfbright/hfbr8.pfb></usr/share/texmf-dist/fonts/type1/public/hfbright/hfbrbs10.pfb></usr/share/texmf-dist/fonts/type1/public/hfbright/hfbrbs8.pfb></usr/share/texmf-dist/fonts/type1/public/hfbright/hfbrmi10.pfb></usr/share/texmf-dist/fonts/type1/public/hfbright/hfbrmi8.pfb></usr/share/texmf-dist/fonts/type1/public/hfbright/hfbrsy10.pfb></usr/share/texmf-dist/fonts/type1/public/hfbright/hfbrsy8.pfb></usr/share/texmf-dist/fonts/type1/public/cm-super/sfbbx10.pfb></usr/share/texmf-dist/fonts/type1/public/cm-super/sfbmo10.pfb></usr/share/texmf-dist/fonts/type1/public/cm-super/sfbmr10.pfb></usr/share/texmf-dist/fonts/type1/public/cm-super/sfbmr17.pfb></usr/share/texmf-dist/fonts/type1/public/cm-super/sfbmr8.pfb></usr/share/texmf-dist/fonts/type1/public/cm-super/sfbmr9.pfb></usr/share/texmf-dist/fonts/type1/public/cm-super/sftt1000.pfb>
Output written on main.pdf (68 pages, 292116 bytes).
PDF statistics:
 975 PDF objects out of 1000 (max. 8388607)
 864 compressed objects within 9 object streams
 257 named destinations out of 1000 (max. 500000)
 429 words of extra memory for PDF output out of 10000 (max. 10000000)

